<?xml version="1.0" encoding="UTF-8"?>
<!-- Generated by org.testng.reporters.JUnitReportReporter -->
<testsuite hostname="LAPTOP-NKU64D16" failures="0" tests="1" name="alltrellotestcases.Trello_01_trelloLoginPageAfterLogin" time="44.694" errors="0" timestamp="2023-05-05T12:43:23 IST" skipped="0">
  <testcase classname="alltrellotestcases.Trello_01_trelloLoginPageAfterLogin" name="Login" time="44.694"/>
  <system-out/>
</testsuite> <!-- alltrellotestcases.Trello_01_trelloLoginPageAfterLogin -->
