<?xml version="1.0" encoding="UTF-8"?>
<!-- Generated by org.testng.reporters.JUnitReportReporter -->
<testsuite hostname="LAPTOP-NKU64D16" failures="0" tests="2" name="learntestng.Kgf" time="0.025" errors="0" timestamp="2023-02-10T13:33:41 IST" skipped="0">
  <testcase classname="learntestng.Kgf" name="chacha" time="0.020"/>
  <system-out/>
  <testcase classname="learntestng.Kgf" name="suryavardhan" time="0.005"/>
  <system-out/>
</testsuite> <!-- learntestng.Kgf -->
